2024-02-29 11:55:38,206 [Worker-2: Loading available Gradle versions] INFO  o.e.b.c.i.u.g.PublishedGradleVersions - Gradle version information cache is up-to-date. Trying to read.
2024-02-29 12:26:38,915 [Worker-33: Launching mavenrun-a8d6855e-2faa-469a-b2b3-59a5eeb66ac8] INFO  o.eclipse.m2e.core.internal.Bundles - getClasspathEntries(Bundle=org.eclipse.m2e.maven.runtime_3.9.500.20231113-2345 [620])
2024-02-29 12:26:38,918 [Worker-33: Launching mavenrun-a8d6855e-2faa-469a-b2b3-59a5eeb66ac8] INFO  o.eclipse.m2e.core.internal.Bundles - 	Entry: /Users/nlakade/.p2/pool/plugins/org.eclipse.m2e.maven.runtime_3.9.500.20231113-2345
2024-02-29 12:26:38,918 [Worker-33: Launching mavenrun-a8d6855e-2faa-469a-b2b3-59a5eeb66ac8] INFO  o.eclipse.m2e.core.internal.Bundles - 	Entry: /Users/nlakade/.p2/pool/plugins/org.eclipse.m2e.maven.runtime_3.9.500.20231113-2345/jars/aopalliance-1.0.jar
2024-02-29 12:26:38,918 [Worker-33: Launching mavenrun-a8d6855e-2faa-469a-b2b3-59a5eeb66ac8] INFO  o.eclipse.m2e.core.internal.Bundles - 	Entry: /Users/nlakade/.p2/pool/plugins/org.eclipse.m2e.maven.runtime_3.9.500.20231113-2345/jars/guice-5.1.0.jar
2024-02-29 12:26:38,918 [Worker-33: Launching mavenrun-a8d6855e-2faa-469a-b2b3-59a5eeb66ac8] INFO  o.eclipse.m2e.core.internal.Bundles - 	Entry: /Users/nlakade/.p2/pool/plugins/org.eclipse.m2e.maven.runtime_3.9.500.20231113-2345/jars/httpclient-4.5.14.jar
2024-02-29 12:26:38,918 [Worker-33: Launching mavenrun-a8d6855e-2faa-469a-b2b3-59a5eeb66ac8] INFO  o.eclipse.m2e.core.internal.Bundles - 	Entry: /Users/nlakade/.p2/pool/plugins/org.eclipse.m2e.maven.runtime_3.9.500.20231113-2345/jars/httpcore-4.4.16.jar
2024-02-29 12:26:38,919 [Worker-33: Launching mavenrun-a8d6855e-2faa-469a-b2b3-59a5eeb66ac8] INFO  o.eclipse.m2e.core.internal.Bundles - 	Entry: /Users/nlakade/.p2/pool/plugins/org.eclipse.m2e.maven.runtime_3.9.500.20231113-2345/jars/jansi-2.4.0.jar
2024-02-29 12:26:38,919 [Worker-33: Launching mavenrun-a8d6855e-2faa-469a-b2b3-59a5eeb66ac8] INFO  o.eclipse.m2e.core.internal.Bundles - 	Entry: /Users/nlakade/.p2/pool/plugins/org.eclipse.m2e.maven.runtime_3.9.500.20231113-2345/jars/jcl-over-slf4j-1.7.36.jar
2024-02-29 12:26:38,919 [Worker-33: Launching mavenrun-a8d6855e-2faa-469a-b2b3-59a5eeb66ac8] INFO  o.eclipse.m2e.core.internal.Bundles - 	Entry: /Users/nlakade/.p2/pool/plugins/org.eclipse.m2e.maven.runtime_3.9.500.20231113-2345/jars/maven-artifact-3.9.5.jar
2024-02-29 12:26:38,919 [Worker-33: Launching mavenrun-a8d6855e-2faa-469a-b2b3-59a5eeb66ac8] INFO  o.eclipse.m2e.core.internal.Bundles - 	Entry: /Users/nlakade/.p2/pool/plugins/org.eclipse.m2e.maven.runtime_3.9.500.20231113-2345/jars/maven-builder-support-3.9.5.jar
2024-02-29 12:26:38,919 [Worker-33: Launching mavenrun-a8d6855e-2faa-469a-b2b3-59a5eeb66ac8] INFO  o.eclipse.m2e.core.internal.Bundles - 	Entry: /Users/nlakade/.p2/pool/plugins/org.eclipse.m2e.maven.runtime_3.9.500.20231113-2345/jars/maven-compat-3.9.5.jar
2024-02-29 12:26:38,919 [Worker-33: Launching mavenrun-a8d6855e-2faa-469a-b2b3-59a5eeb66ac8] INFO  o.eclipse.m2e.core.internal.Bundles - 	Entry: /Users/nlakade/.p2/pool/plugins/org.eclipse.m2e.maven.runtime_3.9.500.20231113-2345/jars/maven-core-3.9.5.jar
2024-02-29 12:26:38,919 [Worker-33: Launching mavenrun-a8d6855e-2faa-469a-b2b3-59a5eeb66ac8] INFO  o.eclipse.m2e.core.internal.Bundles - 	Entry: /Users/nlakade/.p2/pool/plugins/org.eclipse.m2e.maven.runtime_3.9.500.20231113-2345/jars/maven-embedder-3.9.5.jar
2024-02-29 12:26:38,919 [Worker-33: Launching mavenrun-a8d6855e-2faa-469a-b2b3-59a5eeb66ac8] INFO  o.eclipse.m2e.core.internal.Bundles - 	Entry: /Users/nlakade/.p2/pool/plugins/org.eclipse.m2e.maven.runtime_3.9.500.20231113-2345/jars/maven-model-3.9.5.jar
2024-02-29 12:26:38,920 [Worker-33: Launching mavenrun-a8d6855e-2faa-469a-b2b3-59a5eeb66ac8] INFO  o.eclipse.m2e.core.internal.Bundles - 	Entry: /Users/nlakade/.p2/pool/plugins/org.eclipse.m2e.maven.runtime_3.9.500.20231113-2345/jars/maven-model-builder-3.9.5.jar
2024-02-29 12:26:38,920 [Worker-33: Launching mavenrun-a8d6855e-2faa-469a-b2b3-59a5eeb66ac8] INFO  o.eclipse.m2e.core.internal.Bundles - 	Entry: /Users/nlakade/.p2/pool/plugins/org.eclipse.m2e.maven.runtime_3.9.500.20231113-2345/jars/maven-plugin-api-3.9.5.jar
2024-02-29 12:26:38,920 [Worker-33: Launching mavenrun-a8d6855e-2faa-469a-b2b3-59a5eeb66ac8] INFO  o.eclipse.m2e.core.internal.Bundles - 	Entry: /Users/nlakade/.p2/pool/plugins/org.eclipse.m2e.maven.runtime_3.9.500.20231113-2345/jars/maven-repository-metadata-3.9.5.jar
2024-02-29 12:26:38,920 [Worker-33: Launching mavenrun-a8d6855e-2faa-469a-b2b3-59a5eeb66ac8] INFO  o.eclipse.m2e.core.internal.Bundles - 	Entry: /Users/nlakade/.p2/pool/plugins/org.eclipse.m2e.maven.runtime_3.9.500.20231113-2345/jars/maven-resolver-api-1.9.16.jar
2024-02-29 12:26:38,920 [Worker-33: Launching mavenrun-a8d6855e-2faa-469a-b2b3-59a5eeb66ac8] INFO  o.eclipse.m2e.core.internal.Bundles - 	Entry: /Users/nlakade/.p2/pool/plugins/org.eclipse.m2e.maven.runtime_3.9.500.20231113-2345/jars/maven-resolver-connector-basic-1.9.16.jar
2024-02-29 12:26:38,920 [Worker-33: Launching mavenrun-a8d6855e-2faa-469a-b2b3-59a5eeb66ac8] INFO  o.eclipse.m2e.core.internal.Bundles - 	Entry: /Users/nlakade/.p2/pool/plugins/org.eclipse.m2e.maven.runtime_3.9.500.20231113-2345/jars/maven-resolver-impl-1.9.16.jar
2024-02-29 12:26:38,920 [Worker-33: Launching mavenrun-a8d6855e-2faa-469a-b2b3-59a5eeb66ac8] INFO  o.eclipse.m2e.core.internal.Bundles - 	Entry: /Users/nlakade/.p2/pool/plugins/org.eclipse.m2e.maven.runtime_3.9.500.20231113-2345/jars/maven-resolver-named-locks-1.9.16.jar
2024-02-29 12:26:38,920 [Worker-33: Launching mavenrun-a8d6855e-2faa-469a-b2b3-59a5eeb66ac8] INFO  o.eclipse.m2e.core.internal.Bundles - 	Entry: /Users/nlakade/.p2/pool/plugins/org.eclipse.m2e.maven.runtime_3.9.500.20231113-2345/jars/maven-resolver-provider-3.9.5.jar
2024-02-29 12:26:38,920 [Worker-33: Launching mavenrun-a8d6855e-2faa-469a-b2b3-59a5eeb66ac8] INFO  o.eclipse.m2e.core.internal.Bundles - 	Entry: /Users/nlakade/.p2/pool/plugins/org.eclipse.m2e.maven.runtime_3.9.500.20231113-2345/jars/maven-resolver-spi-1.9.16.jar
2024-02-29 12:26:38,920 [Worker-33: Launching mavenrun-a8d6855e-2faa-469a-b2b3-59a5eeb66ac8] INFO  o.eclipse.m2e.core.internal.Bundles - 	Entry: /Users/nlakade/.p2/pool/plugins/org.eclipse.m2e.maven.runtime_3.9.500.20231113-2345/jars/maven-resolver-transport-file-1.9.16.jar
2024-02-29 12:26:38,921 [Worker-33: Launching mavenrun-a8d6855e-2faa-469a-b2b3-59a5eeb66ac8] INFO  o.eclipse.m2e.core.internal.Bundles - 	Entry: /Users/nlakade/.p2/pool/plugins/org.eclipse.m2e.maven.runtime_3.9.500.20231113-2345/jars/maven-resolver-transport-http-1.9.16.jar
2024-02-29 12:26:38,921 [Worker-33: Launching mavenrun-a8d6855e-2faa-469a-b2b3-59a5eeb66ac8] INFO  o.eclipse.m2e.core.internal.Bundles - 	Entry: /Users/nlakade/.p2/pool/plugins/org.eclipse.m2e.maven.runtime_3.9.500.20231113-2345/jars/maven-resolver-transport-wagon-1.9.16.jar
2024-02-29 12:26:38,921 [Worker-33: Launching mavenrun-a8d6855e-2faa-469a-b2b3-59a5eeb66ac8] INFO  o.eclipse.m2e.core.internal.Bundles - 	Entry: /Users/nlakade/.p2/pool/plugins/org.eclipse.m2e.maven.runtime_3.9.500.20231113-2345/jars/maven-resolver-util-1.9.16.jar
2024-02-29 12:26:38,921 [Worker-33: Launching mavenrun-a8d6855e-2faa-469a-b2b3-59a5eeb66ac8] INFO  o.eclipse.m2e.core.internal.Bundles - 	Entry: /Users/nlakade/.p2/pool/plugins/org.eclipse.m2e.maven.runtime_3.9.500.20231113-2345/jars/maven-settings-3.9.5.jar
2024-02-29 12:26:38,921 [Worker-33: Launching mavenrun-a8d6855e-2faa-469a-b2b3-59a5eeb66ac8] INFO  o.eclipse.m2e.core.internal.Bundles - 	Entry: /Users/nlakade/.p2/pool/plugins/org.eclipse.m2e.maven.runtime_3.9.500.20231113-2345/jars/maven-settings-builder-3.9.5.jar
2024-02-29 12:26:38,922 [Worker-33: Launching mavenrun-a8d6855e-2faa-469a-b2b3-59a5eeb66ac8] INFO  o.eclipse.m2e.core.internal.Bundles - 	Entry: /Users/nlakade/.p2/pool/plugins/org.eclipse.m2e.maven.runtime_3.9.500.20231113-2345/jars/maven-shared-utils-3.3.4.jar
2024-02-29 12:26:38,922 [Worker-33: Launching mavenrun-a8d6855e-2faa-469a-b2b3-59a5eeb66ac8] INFO  o.eclipse.m2e.core.internal.Bundles - 	Entry: /Users/nlakade/.p2/pool/plugins/org.eclipse.m2e.maven.runtime_3.9.500.20231113-2345/jars/org.eclipse.sisu.inject-0.3.5.jar
2024-02-29 12:26:38,922 [Worker-33: Launching mavenrun-a8d6855e-2faa-469a-b2b3-59a5eeb66ac8] INFO  o.eclipse.m2e.core.internal.Bundles - 	Entry: /Users/nlakade/.p2/pool/plugins/org.eclipse.m2e.maven.runtime_3.9.500.20231113-2345/jars/org.eclipse.sisu.plexus-0.3.5.jar
2024-02-29 12:26:38,922 [Worker-33: Launching mavenrun-a8d6855e-2faa-469a-b2b3-59a5eeb66ac8] INFO  o.eclipse.m2e.core.internal.Bundles - 	Entry: /Users/nlakade/.p2/pool/plugins/org.eclipse.m2e.maven.runtime_3.9.500.20231113-2345/jars/plexus-build-api-0.0.7.jar
2024-02-29 12:26:38,922 [Worker-33: Launching mavenrun-a8d6855e-2faa-469a-b2b3-59a5eeb66ac8] INFO  o.eclipse.m2e.core.internal.Bundles - 	Entry: /Users/nlakade/.p2/pool/plugins/org.eclipse.m2e.maven.runtime_3.9.500.20231113-2345/jars/plexus-cipher-2.0.jar
2024-02-29 12:26:38,922 [Worker-33: Launching mavenrun-a8d6855e-2faa-469a-b2b3-59a5eeb66ac8] INFO  o.eclipse.m2e.core.internal.Bundles - 	Entry: /Users/nlakade/.p2/pool/plugins/org.eclipse.m2e.maven.runtime_3.9.500.20231113-2345/jars/plexus-classworlds-2.7.0.jar
2024-02-29 12:26:38,922 [Worker-33: Launching mavenrun-a8d6855e-2faa-469a-b2b3-59a5eeb66ac8] INFO  o.eclipse.m2e.core.internal.Bundles - 	Entry: /Users/nlakade/.p2/pool/plugins/org.eclipse.m2e.maven.runtime_3.9.500.20231113-2345/jars/plexus-component-annotations-2.1.0.jar
2024-02-29 12:26:38,923 [Worker-33: Launching mavenrun-a8d6855e-2faa-469a-b2b3-59a5eeb66ac8] INFO  o.eclipse.m2e.core.internal.Bundles - 	Entry: /Users/nlakade/.p2/pool/plugins/org.eclipse.m2e.maven.runtime_3.9.500.20231113-2345/jars/plexus-interpolation-1.26.jar
2024-02-29 12:26:38,923 [Worker-33: Launching mavenrun-a8d6855e-2faa-469a-b2b3-59a5eeb66ac8] INFO  o.eclipse.m2e.core.internal.Bundles - 	Entry: /Users/nlakade/.p2/pool/plugins/org.eclipse.m2e.maven.runtime_3.9.500.20231113-2345/jars/plexus-sec-dispatcher-2.0.jar
2024-02-29 12:26:38,923 [Worker-33: Launching mavenrun-a8d6855e-2faa-469a-b2b3-59a5eeb66ac8] INFO  o.eclipse.m2e.core.internal.Bundles - 	Entry: /Users/nlakade/.p2/pool/plugins/org.eclipse.m2e.maven.runtime_3.9.500.20231113-2345/jars/plexus-utils-3.5.1.jar
2024-02-29 12:26:38,923 [Worker-33: Launching mavenrun-a8d6855e-2faa-469a-b2b3-59a5eeb66ac8] INFO  o.eclipse.m2e.core.internal.Bundles - 	Entry: /Users/nlakade/.p2/pool/plugins/org.eclipse.m2e.maven.runtime_3.9.500.20231113-2345/jars/wagon-file-3.5.3.jar
2024-02-29 12:26:38,923 [Worker-33: Launching mavenrun-a8d6855e-2faa-469a-b2b3-59a5eeb66ac8] INFO  o.eclipse.m2e.core.internal.Bundles - 	Entry: /Users/nlakade/.p2/pool/plugins/org.eclipse.m2e.maven.runtime_3.9.500.20231113-2345/jars/wagon-http-3.5.3.jar
2024-02-29 12:26:38,923 [Worker-33: Launching mavenrun-a8d6855e-2faa-469a-b2b3-59a5eeb66ac8] INFO  o.eclipse.m2e.core.internal.Bundles - 	Entry: /Users/nlakade/.p2/pool/plugins/org.eclipse.m2e.maven.runtime_3.9.500.20231113-2345/jars/wagon-http-shared-3.5.3.jar
2024-02-29 12:26:38,923 [Worker-33: Launching mavenrun-a8d6855e-2faa-469a-b2b3-59a5eeb66ac8] INFO  o.eclipse.m2e.core.internal.Bundles - 	Entry: /Users/nlakade/.p2/pool/plugins/org.eclipse.m2e.maven.runtime_3.9.500.20231113-2345/jars/wagon-provider-api-3.5.3.jar
2024-02-29 12:26:38,925 [Worker-33: Launching mavenrun-a8d6855e-2faa-469a-b2b3-59a5eeb66ac8] INFO  o.eclipse.m2e.core.internal.Bundles - getClasspathEntries(Bundle=com.google.guava_32.1.3.jre [12])
2024-02-29 12:26:38,925 [Worker-33: Launching mavenrun-a8d6855e-2faa-469a-b2b3-59a5eeb66ac8] INFO  o.eclipse.m2e.core.internal.Bundles - 	Entry: /Users/nlakade/.p2/pool/plugins/com.google.guava_32.1.3.jre.jar
2024-02-29 12:26:38,925 [Worker-33: Launching mavenrun-a8d6855e-2faa-469a-b2b3-59a5eeb66ac8] INFO  o.eclipse.m2e.core.internal.Bundles - getClasspathEntries(Bundle=slf4j.api_2.0.9 [979])
2024-02-29 12:26:38,925 [Worker-33: Launching mavenrun-a8d6855e-2faa-469a-b2b3-59a5eeb66ac8] INFO  o.eclipse.m2e.core.internal.Bundles - 	Entry: /Users/nlakade/.p2/pool/plugins/slf4j.api_2.0.9.jar
2024-02-29 12:26:38,926 [Worker-33: Launching mavenrun-a8d6855e-2faa-469a-b2b3-59a5eeb66ac8] INFO  o.eclipse.m2e.core.internal.Bundles - getClasspathEntries(Bundle=jakarta.inject.jakarta.inject-api_1.0.5 [29])
2024-02-29 12:26:38,926 [Worker-33: Launching mavenrun-a8d6855e-2faa-469a-b2b3-59a5eeb66ac8] INFO  o.eclipse.m2e.core.internal.Bundles - 	Entry: /Users/nlakade/.p2/pool/plugins/jakarta.inject.jakarta.inject-api_1.0.5.jar
2024-02-29 12:26:38,926 [Worker-33: Launching mavenrun-a8d6855e-2faa-469a-b2b3-59a5eeb66ac8] INFO  o.eclipse.m2e.core.internal.Bundles - getClasspathEntries(Bundle=jakarta.annotation-api_1.3.5 [24])
2024-02-29 12:26:38,926 [Worker-33: Launching mavenrun-a8d6855e-2faa-469a-b2b3-59a5eeb66ac8] INFO  o.eclipse.m2e.core.internal.Bundles - 	Entry: /Users/nlakade/.p2/pool/plugins/jakarta.annotation-api_1.3.5.jar
2024-02-29 12:26:38,926 [Worker-33: Launching mavenrun-a8d6855e-2faa-469a-b2b3-59a5eeb66ac8] INFO  o.eclipse.m2e.core.internal.Bundles - getClasspathEntries(Bundle=org.apache.commons.cli_1.6.0 [71])
2024-02-29 12:26:38,926 [Worker-33: Launching mavenrun-a8d6855e-2faa-469a-b2b3-59a5eeb66ac8] INFO  o.eclipse.m2e.core.internal.Bundles - 	Entry: /Users/nlakade/.p2/pool/plugins/org.apache.commons.cli_1.6.0.jar
2024-02-29 12:26:38,926 [Worker-33: Launching mavenrun-a8d6855e-2faa-469a-b2b3-59a5eeb66ac8] INFO  o.eclipse.m2e.core.internal.Bundles - getClasspathEntries(Bundle=org.apache.commons.commons-codec_1.16.0 [75])
2024-02-29 12:26:38,926 [Worker-33: Launching mavenrun-a8d6855e-2faa-469a-b2b3-59a5eeb66ac8] INFO  o.eclipse.m2e.core.internal.Bundles - 	Entry: /Users/nlakade/.p2/pool/plugins/org.apache.commons.commons-codec_1.16.0.jar
2024-02-29 12:26:38,926 [Worker-33: Launching mavenrun-a8d6855e-2faa-469a-b2b3-59a5eeb66ac8] INFO  o.eclipse.m2e.core.internal.Bundles - getClasspathEntries(Bundle=org.apache.commons.lang3_3.13.0 [82])
2024-02-29 12:26:38,927 [Worker-33: Launching mavenrun-a8d6855e-2faa-469a-b2b3-59a5eeb66ac8] INFO  o.eclipse.m2e.core.internal.Bundles - 	Entry: /Users/nlakade/.p2/pool/plugins/org.apache.commons.lang3_3.13.0.jar
2024-02-29 12:26:38,927 [Worker-33: Launching mavenrun-a8d6855e-2faa-469a-b2b3-59a5eeb66ac8] INFO  o.eclipse.m2e.core.internal.Bundles - getClasspathEntries(Bundle=com.google.guava.failureaccess_1.0.2 [13])
2024-02-29 12:26:38,927 [Worker-33: Launching mavenrun-a8d6855e-2faa-469a-b2b3-59a5eeb66ac8] INFO  o.eclipse.m2e.core.internal.Bundles - 	Entry: /Users/nlakade/.p2/pool/plugins/com.google.guava.failureaccess_1.0.2.jar
2024-02-29 12:26:38,933 [Worker-33: Launching mavenrun-a8d6855e-2faa-469a-b2b3-59a5eeb66ac8] INFO  o.e.m.i.launch.MavenLaunchDelegate - Run build in "/var/folders/sw/p5sj1vp14dqf15dcqzszqsfw0000gn/T/m2e-archetypeGenerator9423665365223004849":
2024-02-29 12:26:38,937 [Worker-33: Launching mavenrun-a8d6855e-2faa-469a-b2b3-59a5eeb66ac8] INFO  o.e.m.i.launch.MavenLaunchDelegate -  mvn  -DarchetypeGroupId=org.apache.maven.archetypes -DarchetypeArtifactId=maven-archetype-quickstart -DarchetypeVersion=1.1 -DgroupId=com.cisco -DartifactId=app -Dversion=0.0.1-SNAPSHOT -Dpackage=com.cisco.app -DoutputDirectory=/Users/nlakade/Desktop/29-nov-2023/phase3/app -Dstyle.color=always -U archetype:generate
2024-02-29 12:29:06,806 [Worker-36: Launching mavenrun-a02155ab-e35e-4dcc-bee8-c329aeaec680] INFO  o.eclipse.m2e.core.internal.Bundles - getClasspathEntries(Bundle=org.eclipse.m2e.maven.runtime_3.9.500.20231113-2345 [620])
2024-02-29 12:29:06,839 [Worker-36: Launching mavenrun-a02155ab-e35e-4dcc-bee8-c329aeaec680] INFO  o.eclipse.m2e.core.internal.Bundles - 	Entry: /Users/nlakade/.p2/pool/plugins/org.eclipse.m2e.maven.runtime_3.9.500.20231113-2345
2024-02-29 12:29:06,839 [Worker-36: Launching mavenrun-a02155ab-e35e-4dcc-bee8-c329aeaec680] INFO  o.eclipse.m2e.core.internal.Bundles - 	Entry: /Users/nlakade/.p2/pool/plugins/org.eclipse.m2e.maven.runtime_3.9.500.20231113-2345/jars/aopalliance-1.0.jar
2024-02-29 12:29:06,840 [Worker-36: Launching mavenrun-a02155ab-e35e-4dcc-bee8-c329aeaec680] INFO  o.eclipse.m2e.core.internal.Bundles - 	Entry: /Users/nlakade/.p2/pool/plugins/org.eclipse.m2e.maven.runtime_3.9.500.20231113-2345/jars/guice-5.1.0.jar
2024-02-29 12:29:06,840 [Worker-36: Launching mavenrun-a02155ab-e35e-4dcc-bee8-c329aeaec680] INFO  o.eclipse.m2e.core.internal.Bundles - 	Entry: /Users/nlakade/.p2/pool/plugins/org.eclipse.m2e.maven.runtime_3.9.500.20231113-2345/jars/httpclient-4.5.14.jar
2024-02-29 12:29:06,840 [Worker-36: Launching mavenrun-a02155ab-e35e-4dcc-bee8-c329aeaec680] INFO  o.eclipse.m2e.core.internal.Bundles - 	Entry: /Users/nlakade/.p2/pool/plugins/org.eclipse.m2e.maven.runtime_3.9.500.20231113-2345/jars/httpcore-4.4.16.jar
2024-02-29 12:29:06,840 [Worker-36: Launching mavenrun-a02155ab-e35e-4dcc-bee8-c329aeaec680] INFO  o.eclipse.m2e.core.internal.Bundles - 	Entry: /Users/nlakade/.p2/pool/plugins/org.eclipse.m2e.maven.runtime_3.9.500.20231113-2345/jars/jansi-2.4.0.jar
2024-02-29 12:29:06,840 [Worker-36: Launching mavenrun-a02155ab-e35e-4dcc-bee8-c329aeaec680] INFO  o.eclipse.m2e.core.internal.Bundles - 	Entry: /Users/nlakade/.p2/pool/plugins/org.eclipse.m2e.maven.runtime_3.9.500.20231113-2345/jars/jcl-over-slf4j-1.7.36.jar
2024-02-29 12:29:06,840 [Worker-36: Launching mavenrun-a02155ab-e35e-4dcc-bee8-c329aeaec680] INFO  o.eclipse.m2e.core.internal.Bundles - 	Entry: /Users/nlakade/.p2/pool/plugins/org.eclipse.m2e.maven.runtime_3.9.500.20231113-2345/jars/maven-artifact-3.9.5.jar
2024-02-29 12:29:06,840 [Worker-36: Launching mavenrun-a02155ab-e35e-4dcc-bee8-c329aeaec680] INFO  o.eclipse.m2e.core.internal.Bundles - 	Entry: /Users/nlakade/.p2/pool/plugins/org.eclipse.m2e.maven.runtime_3.9.500.20231113-2345/jars/maven-builder-support-3.9.5.jar
2024-02-29 12:29:06,841 [Worker-36: Launching mavenrun-a02155ab-e35e-4dcc-bee8-c329aeaec680] INFO  o.eclipse.m2e.core.internal.Bundles - 	Entry: /Users/nlakade/.p2/pool/plugins/org.eclipse.m2e.maven.runtime_3.9.500.20231113-2345/jars/maven-compat-3.9.5.jar
2024-02-29 12:29:06,841 [Worker-36: Launching mavenrun-a02155ab-e35e-4dcc-bee8-c329aeaec680] INFO  o.eclipse.m2e.core.internal.Bundles - 	Entry: /Users/nlakade/.p2/pool/plugins/org.eclipse.m2e.maven.runtime_3.9.500.20231113-2345/jars/maven-core-3.9.5.jar
2024-02-29 12:29:06,841 [Worker-36: Launching mavenrun-a02155ab-e35e-4dcc-bee8-c329aeaec680] INFO  o.eclipse.m2e.core.internal.Bundles - 	Entry: /Users/nlakade/.p2/pool/plugins/org.eclipse.m2e.maven.runtime_3.9.500.20231113-2345/jars/maven-embedder-3.9.5.jar
2024-02-29 12:29:06,841 [Worker-36: Launching mavenrun-a02155ab-e35e-4dcc-bee8-c329aeaec680] INFO  o.eclipse.m2e.core.internal.Bundles - 	Entry: /Users/nlakade/.p2/pool/plugins/org.eclipse.m2e.maven.runtime_3.9.500.20231113-2345/jars/maven-model-3.9.5.jar
2024-02-29 12:29:06,841 [Worker-36: Launching mavenrun-a02155ab-e35e-4dcc-bee8-c329aeaec680] INFO  o.eclipse.m2e.core.internal.Bundles - 	Entry: /Users/nlakade/.p2/pool/plugins/org.eclipse.m2e.maven.runtime_3.9.500.20231113-2345/jars/maven-model-builder-3.9.5.jar
2024-02-29 12:29:06,841 [Worker-36: Launching mavenrun-a02155ab-e35e-4dcc-bee8-c329aeaec680] INFO  o.eclipse.m2e.core.internal.Bundles - 	Entry: /Users/nlakade/.p2/pool/plugins/org.eclipse.m2e.maven.runtime_3.9.500.20231113-2345/jars/maven-plugin-api-3.9.5.jar
2024-02-29 12:29:06,841 [Worker-36: Launching mavenrun-a02155ab-e35e-4dcc-bee8-c329aeaec680] INFO  o.eclipse.m2e.core.internal.Bundles - 	Entry: /Users/nlakade/.p2/pool/plugins/org.eclipse.m2e.maven.runtime_3.9.500.20231113-2345/jars/maven-repository-metadata-3.9.5.jar
2024-02-29 12:29:06,841 [Worker-36: Launching mavenrun-a02155ab-e35e-4dcc-bee8-c329aeaec680] INFO  o.eclipse.m2e.core.internal.Bundles - 	Entry: /Users/nlakade/.p2/pool/plugins/org.eclipse.m2e.maven.runtime_3.9.500.20231113-2345/jars/maven-resolver-api-1.9.16.jar
2024-02-29 12:29:06,841 [Worker-36: Launching mavenrun-a02155ab-e35e-4dcc-bee8-c329aeaec680] INFO  o.eclipse.m2e.core.internal.Bundles - 	Entry: /Users/nlakade/.p2/pool/plugins/org.eclipse.m2e.maven.runtime_3.9.500.20231113-2345/jars/maven-resolver-connector-basic-1.9.16.jar
2024-02-29 12:29:06,841 [Worker-36: Launching mavenrun-a02155ab-e35e-4dcc-bee8-c329aeaec680] INFO  o.eclipse.m2e.core.internal.Bundles - 	Entry: /Users/nlakade/.p2/pool/plugins/org.eclipse.m2e.maven.runtime_3.9.500.20231113-2345/jars/maven-resolver-impl-1.9.16.jar
2024-02-29 12:29:06,841 [Worker-36: Launching mavenrun-a02155ab-e35e-4dcc-bee8-c329aeaec680] INFO  o.eclipse.m2e.core.internal.Bundles - 	Entry: /Users/nlakade/.p2/pool/plugins/org.eclipse.m2e.maven.runtime_3.9.500.20231113-2345/jars/maven-resolver-named-locks-1.9.16.jar
2024-02-29 12:29:06,841 [Worker-36: Launching mavenrun-a02155ab-e35e-4dcc-bee8-c329aeaec680] INFO  o.eclipse.m2e.core.internal.Bundles - 	Entry: /Users/nlakade/.p2/pool/plugins/org.eclipse.m2e.maven.runtime_3.9.500.20231113-2345/jars/maven-resolver-provider-3.9.5.jar
2024-02-29 12:29:06,841 [Worker-36: Launching mavenrun-a02155ab-e35e-4dcc-bee8-c329aeaec680] INFO  o.eclipse.m2e.core.internal.Bundles - 	Entry: /Users/nlakade/.p2/pool/plugins/org.eclipse.m2e.maven.runtime_3.9.500.20231113-2345/jars/maven-resolver-spi-1.9.16.jar
2024-02-29 12:29:06,842 [Worker-36: Launching mavenrun-a02155ab-e35e-4dcc-bee8-c329aeaec680] INFO  o.eclipse.m2e.core.internal.Bundles - 	Entry: /Users/nlakade/.p2/pool/plugins/org.eclipse.m2e.maven.runtime_3.9.500.20231113-2345/jars/maven-resolver-transport-file-1.9.16.jar
2024-02-29 12:29:06,842 [Worker-36: Launching mavenrun-a02155ab-e35e-4dcc-bee8-c329aeaec680] INFO  o.eclipse.m2e.core.internal.Bundles - 	Entry: /Users/nlakade/.p2/pool/plugins/org.eclipse.m2e.maven.runtime_3.9.500.20231113-2345/jars/maven-resolver-transport-http-1.9.16.jar
2024-02-29 12:29:06,842 [Worker-36: Launching mavenrun-a02155ab-e35e-4dcc-bee8-c329aeaec680] INFO  o.eclipse.m2e.core.internal.Bundles - 	Entry: /Users/nlakade/.p2/pool/plugins/org.eclipse.m2e.maven.runtime_3.9.500.20231113-2345/jars/maven-resolver-transport-wagon-1.9.16.jar
2024-02-29 12:29:06,842 [Worker-36: Launching mavenrun-a02155ab-e35e-4dcc-bee8-c329aeaec680] INFO  o.eclipse.m2e.core.internal.Bundles - 	Entry: /Users/nlakade/.p2/pool/plugins/org.eclipse.m2e.maven.runtime_3.9.500.20231113-2345/jars/maven-resolver-util-1.9.16.jar
2024-02-29 12:29:06,842 [Worker-36: Launching mavenrun-a02155ab-e35e-4dcc-bee8-c329aeaec680] INFO  o.eclipse.m2e.core.internal.Bundles - 	Entry: /Users/nlakade/.p2/pool/plugins/org.eclipse.m2e.maven.runtime_3.9.500.20231113-2345/jars/maven-settings-3.9.5.jar
2024-02-29 12:29:06,842 [Worker-36: Launching mavenrun-a02155ab-e35e-4dcc-bee8-c329aeaec680] INFO  o.eclipse.m2e.core.internal.Bundles - 	Entry: /Users/nlakade/.p2/pool/plugins/org.eclipse.m2e.maven.runtime_3.9.500.20231113-2345/jars/maven-settings-builder-3.9.5.jar
2024-02-29 12:29:06,842 [Worker-36: Launching mavenrun-a02155ab-e35e-4dcc-bee8-c329aeaec680] INFO  o.eclipse.m2e.core.internal.Bundles - 	Entry: /Users/nlakade/.p2/pool/plugins/org.eclipse.m2e.maven.runtime_3.9.500.20231113-2345/jars/maven-shared-utils-3.3.4.jar
2024-02-29 12:29:06,842 [Worker-36: Launching mavenrun-a02155ab-e35e-4dcc-bee8-c329aeaec680] INFO  o.eclipse.m2e.core.internal.Bundles - 	Entry: /Users/nlakade/.p2/pool/plugins/org.eclipse.m2e.maven.runtime_3.9.500.20231113-2345/jars/org.eclipse.sisu.inject-0.3.5.jar
2024-02-29 12:29:06,842 [Worker-36: Launching mavenrun-a02155ab-e35e-4dcc-bee8-c329aeaec680] INFO  o.eclipse.m2e.core.internal.Bundles - 	Entry: /Users/nlakade/.p2/pool/plugins/org.eclipse.m2e.maven.runtime_3.9.500.20231113-2345/jars/org.eclipse.sisu.plexus-0.3.5.jar
2024-02-29 12:29:06,842 [Worker-36: Launching mavenrun-a02155ab-e35e-4dcc-bee8-c329aeaec680] INFO  o.eclipse.m2e.core.internal.Bundles - 	Entry: /Users/nlakade/.p2/pool/plugins/org.eclipse.m2e.maven.runtime_3.9.500.20231113-2345/jars/plexus-build-api-0.0.7.jar
2024-02-29 12:29:06,842 [Worker-36: Launching mavenrun-a02155ab-e35e-4dcc-bee8-c329aeaec680] INFO  o.eclipse.m2e.core.internal.Bundles - 	Entry: /Users/nlakade/.p2/pool/plugins/org.eclipse.m2e.maven.runtime_3.9.500.20231113-2345/jars/plexus-cipher-2.0.jar
2024-02-29 12:29:06,842 [Worker-36: Launching mavenrun-a02155ab-e35e-4dcc-bee8-c329aeaec680] INFO  o.eclipse.m2e.core.internal.Bundles - 	Entry: /Users/nlakade/.p2/pool/plugins/org.eclipse.m2e.maven.runtime_3.9.500.20231113-2345/jars/plexus-classworlds-2.7.0.jar
2024-02-29 12:29:06,842 [Worker-36: Launching mavenrun-a02155ab-e35e-4dcc-bee8-c329aeaec680] INFO  o.eclipse.m2e.core.internal.Bundles - 	Entry: /Users/nlakade/.p2/pool/plugins/org.eclipse.m2e.maven.runtime_3.9.500.20231113-2345/jars/plexus-component-annotations-2.1.0.jar
2024-02-29 12:29:06,843 [Worker-36: Launching mavenrun-a02155ab-e35e-4dcc-bee8-c329aeaec680] INFO  o.eclipse.m2e.core.internal.Bundles - 	Entry: /Users/nlakade/.p2/pool/plugins/org.eclipse.m2e.maven.runtime_3.9.500.20231113-2345/jars/plexus-interpolation-1.26.jar
2024-02-29 12:29:06,843 [Worker-36: Launching mavenrun-a02155ab-e35e-4dcc-bee8-c329aeaec680] INFO  o.eclipse.m2e.core.internal.Bundles - 	Entry: /Users/nlakade/.p2/pool/plugins/org.eclipse.m2e.maven.runtime_3.9.500.20231113-2345/jars/plexus-sec-dispatcher-2.0.jar
2024-02-29 12:29:06,843 [Worker-36: Launching mavenrun-a02155ab-e35e-4dcc-bee8-c329aeaec680] INFO  o.eclipse.m2e.core.internal.Bundles - 	Entry: /Users/nlakade/.p2/pool/plugins/org.eclipse.m2e.maven.runtime_3.9.500.20231113-2345/jars/plexus-utils-3.5.1.jar
2024-02-29 12:29:06,843 [Worker-36: Launching mavenrun-a02155ab-e35e-4dcc-bee8-c329aeaec680] INFO  o.eclipse.m2e.core.internal.Bundles - 	Entry: /Users/nlakade/.p2/pool/plugins/org.eclipse.m2e.maven.runtime_3.9.500.20231113-2345/jars/wagon-file-3.5.3.jar
2024-02-29 12:29:06,843 [Worker-36: Launching mavenrun-a02155ab-e35e-4dcc-bee8-c329aeaec680] INFO  o.eclipse.m2e.core.internal.Bundles - 	Entry: /Users/nlakade/.p2/pool/plugins/org.eclipse.m2e.maven.runtime_3.9.500.20231113-2345/jars/wagon-http-3.5.3.jar
2024-02-29 12:29:06,843 [Worker-36: Launching mavenrun-a02155ab-e35e-4dcc-bee8-c329aeaec680] INFO  o.eclipse.m2e.core.internal.Bundles - 	Entry: /Users/nlakade/.p2/pool/plugins/org.eclipse.m2e.maven.runtime_3.9.500.20231113-2345/jars/wagon-http-shared-3.5.3.jar
2024-02-29 12:29:06,843 [Worker-36: Launching mavenrun-a02155ab-e35e-4dcc-bee8-c329aeaec680] INFO  o.eclipse.m2e.core.internal.Bundles - 	Entry: /Users/nlakade/.p2/pool/plugins/org.eclipse.m2e.maven.runtime_3.9.500.20231113-2345/jars/wagon-provider-api-3.5.3.jar
2024-02-29 12:29:06,843 [Worker-36: Launching mavenrun-a02155ab-e35e-4dcc-bee8-c329aeaec680] INFO  o.eclipse.m2e.core.internal.Bundles - getClasspathEntries(Bundle=com.google.guava_32.1.3.jre [12])
2024-02-29 12:29:06,844 [Worker-36: Launching mavenrun-a02155ab-e35e-4dcc-bee8-c329aeaec680] INFO  o.eclipse.m2e.core.internal.Bundles - 	Entry: /Users/nlakade/.p2/pool/plugins/com.google.guava_32.1.3.jre.jar
2024-02-29 12:29:06,844 [Worker-36: Launching mavenrun-a02155ab-e35e-4dcc-bee8-c329aeaec680] INFO  o.eclipse.m2e.core.internal.Bundles - getClasspathEntries(Bundle=slf4j.api_2.0.9 [979])
2024-02-29 12:29:06,844 [Worker-36: Launching mavenrun-a02155ab-e35e-4dcc-bee8-c329aeaec680] INFO  o.eclipse.m2e.core.internal.Bundles - 	Entry: /Users/nlakade/.p2/pool/plugins/slf4j.api_2.0.9.jar
2024-02-29 12:29:06,844 [Worker-36: Launching mavenrun-a02155ab-e35e-4dcc-bee8-c329aeaec680] INFO  o.eclipse.m2e.core.internal.Bundles - getClasspathEntries(Bundle=jakarta.inject.jakarta.inject-api_1.0.5 [29])
2024-02-29 12:29:06,844 [Worker-36: Launching mavenrun-a02155ab-e35e-4dcc-bee8-c329aeaec680] INFO  o.eclipse.m2e.core.internal.Bundles - 	Entry: /Users/nlakade/.p2/pool/plugins/jakarta.inject.jakarta.inject-api_1.0.5.jar
2024-02-29 12:29:06,844 [Worker-36: Launching mavenrun-a02155ab-e35e-4dcc-bee8-c329aeaec680] INFO  o.eclipse.m2e.core.internal.Bundles - getClasspathEntries(Bundle=jakarta.annotation-api_1.3.5 [24])
2024-02-29 12:29:06,844 [Worker-36: Launching mavenrun-a02155ab-e35e-4dcc-bee8-c329aeaec680] INFO  o.eclipse.m2e.core.internal.Bundles - 	Entry: /Users/nlakade/.p2/pool/plugins/jakarta.annotation-api_1.3.5.jar
2024-02-29 12:29:06,844 [Worker-36: Launching mavenrun-a02155ab-e35e-4dcc-bee8-c329aeaec680] INFO  o.eclipse.m2e.core.internal.Bundles - getClasspathEntries(Bundle=org.apache.commons.cli_1.6.0 [71])
2024-02-29 12:29:06,844 [Worker-36: Launching mavenrun-a02155ab-e35e-4dcc-bee8-c329aeaec680] INFO  o.eclipse.m2e.core.internal.Bundles - 	Entry: /Users/nlakade/.p2/pool/plugins/org.apache.commons.cli_1.6.0.jar
2024-02-29 12:29:06,844 [Worker-36: Launching mavenrun-a02155ab-e35e-4dcc-bee8-c329aeaec680] INFO  o.eclipse.m2e.core.internal.Bundles - getClasspathEntries(Bundle=org.apache.commons.commons-codec_1.16.0 [75])
2024-02-29 12:29:06,844 [Worker-36: Launching mavenrun-a02155ab-e35e-4dcc-bee8-c329aeaec680] INFO  o.eclipse.m2e.core.internal.Bundles - 	Entry: /Users/nlakade/.p2/pool/plugins/org.apache.commons.commons-codec_1.16.0.jar
2024-02-29 12:29:06,844 [Worker-36: Launching mavenrun-a02155ab-e35e-4dcc-bee8-c329aeaec680] INFO  o.eclipse.m2e.core.internal.Bundles - getClasspathEntries(Bundle=org.apache.commons.lang3_3.13.0 [82])
2024-02-29 12:29:06,844 [Worker-36: Launching mavenrun-a02155ab-e35e-4dcc-bee8-c329aeaec680] INFO  o.eclipse.m2e.core.internal.Bundles - 	Entry: /Users/nlakade/.p2/pool/plugins/org.apache.commons.lang3_3.13.0.jar
2024-02-29 12:29:06,845 [Worker-36: Launching mavenrun-a02155ab-e35e-4dcc-bee8-c329aeaec680] INFO  o.eclipse.m2e.core.internal.Bundles - getClasspathEntries(Bundle=com.google.guava.failureaccess_1.0.2 [13])
2024-02-29 12:29:06,845 [Worker-36: Launching mavenrun-a02155ab-e35e-4dcc-bee8-c329aeaec680] INFO  o.eclipse.m2e.core.internal.Bundles - 	Entry: /Users/nlakade/.p2/pool/plugins/com.google.guava.failureaccess_1.0.2.jar
2024-02-29 12:29:06,845 [Worker-36: Launching mavenrun-a02155ab-e35e-4dcc-bee8-c329aeaec680] INFO  o.e.m.i.launch.MavenLaunchDelegate - Run build in "/var/folders/sw/p5sj1vp14dqf15dcqzszqsfw0000gn/T/m2e-archetypeGenerator12127905069182257766":
2024-02-29 12:29:06,845 [Worker-36: Launching mavenrun-a02155ab-e35e-4dcc-bee8-c329aeaec680] INFO  o.e.m.i.launch.MavenLaunchDelegate -  mvn  -DarchetypeGroupId=org.apache.maven.archetypes -DarchetypeArtifactId=maven-archetype-quickstart -DarchetypeVersion=1.1 -DgroupId=com.cisco -DartifactId=newapp -Dversion=0.0.1-SNAPSHOT -Dpackage=com.cisco.newapp -DoutputDirectory=/Users/nlakade/Desktop/29-nov-2023/phase3 -Dstyle.color=always -U archetype:generate
2024-02-29 12:29:33,698 [Worker-10: Creating maven-archetype-quickstart] INFO  o.e.m.c.i.p.ProjectConfigurationManager - Collecting project info '/pom.xml' /Users/nlakade/Desktop/29-nov-2023/phase3/newapp/pom.xml
2024-02-29 12:29:34,118 [Worker-10: Creating maven-archetype-quickstart] INFO  o.e.m.c.i.l.LifecycleMappingFactory - Using org.eclipse.m2e.jdt.JarLifecycleMapping lifecycle mapping for MavenProject: com.cisco:newapp:0.0.1-SNAPSHOT @ /Users/nlakade/Desktop/29-nov-2023/phase3/newapp/pom.xml.
2024-02-29 12:29:34,474 [Worker-10: Creating maven-archetype-quickstart] INFO  o.e.m.j.i.AbstractJavaProjectConfigurator - Adding source folder /newapp/src/main/java
2024-02-29 12:29:34,475 [Worker-10: Creating maven-archetype-quickstart] INFO  o.e.m.j.i.AbstractJavaProjectConfigurator - Adding resource folder /newapp/src/main/resources
2024-02-29 12:29:34,477 [Worker-10: Creating maven-archetype-quickstart] INFO  o.e.m.j.i.AbstractJavaProjectConfigurator - Adding source folder /newapp/src/test/java
2024-02-29 12:29:34,477 [Worker-10: Creating maven-archetype-quickstart] INFO  o.e.m.j.i.AbstractJavaProjectConfigurator - Adding resource folder /newapp/src/test/resources
2024-02-29 12:29:34,557 [Worker-10: Creating maven-archetype-quickstart] INFO  o.e.m.c.i.p.ProjectConfigurationManager - Imported and configured 1 project(s) in 0 sec
2024-02-29 12:29:35,272 [Worker-10: Building] INFO  o.a.m.s.f.DefaultMavenResourcesFiltering - skip non existing resourceDirectory /Users/nlakade/Desktop/29-nov-2023/phase3/newapp/src/main/resources
2024-02-29 12:29:35,275 [Worker-10: Building] INFO  o.a.m.s.f.DefaultMavenResourcesFiltering - skip non existing resourceDirectory /Users/nlakade/Desktop/29-nov-2023/phase3/newapp/src/test/resources
